True
WGAN_GradientPenalty init model.
True
Cuda enabled flag: True
  Discriminator iteration: 0/5, loss_fake: -0.009755758568644524, loss_real: 0.14783263206481934
  Discriminator iteration: 1/5, loss_fake: -3.21494460105896, loss_real: 0.2704286575317383
  Discriminator iteration: 2/5, loss_fake: -6.732636451721191, loss_real: 0.23745226860046387
  Discriminator iteration: 3/5, loss_fake: -10.319926261901855, loss_real: 0.6202890276908875
  Discriminator iteration: 4/5, loss_fake: -14.138185501098633, loss_real: 1.6400083303451538
Generator iteration: 0/10000, g_loss: -17.854429244995117
g_loss: -17.854429244995117
Models save to ./generator.pkl & ./discriminator.pkl 
Generator iter: 0
Time 4.0724170207977295
Wasserstein distance: 15.778193473815918 |Loss D: -5.920706748962402 |Loss G:17.854429244995117 |Loss D Real:1.6400083303451538 |Loss D Fake:-14.138185501098633
tensor(15.7782, device='cuda:0', grad_fn=<SubBackward0>)
tensor(-5.9207, device='cuda:0', grad_fn=<AddBackward0>)
tensor(17.8544, device='cuda:0', grad_fn=<NegBackward>)
tensor(1.6400, device='cuda:0', grad_fn=<MeanBackward0>)
tensor(-14.1382, device='cuda:0', grad_fn=<MeanBackward0>)
  Discriminator iteration: 0/5, loss_fake: 1.2207236289978027, loss_real: 3.1096115112304688
  Discriminator iteration: 1/5, loss_fake: -3.0701961517333984, loss_real: 4.223471641540527
  Discriminator iteration: 2/5, loss_fake: -9.898153305053711, loss_real: 4.41033411026001
  Discriminator iteration: 3/5, loss_fake: -16.440940856933594, loss_real: 5.082004547119141
  Discriminator iteration: 4/5, loss_fake: -21.0456485748291, loss_real: 7.3604326248168945
Generator iteration: 1/10000, g_loss: -24.247493743896484
g_loss: -24.247493743896484
  Discriminator iteration: 0/5, loss_fake: 6.8430633544921875, loss_real: 11.14242172241211
  Discriminator iteration: 1/5, loss_fake: -4.757744789123535, loss_real: 12.670989990234375
  Discriminator iteration: 2/5, loss_fake: -20.052520751953125, loss_real: 12.73476791381836
  Discriminator iteration: 3/5, loss_fake: -26.913909912109375, loss_real: 14.319927215576172
  Discriminator iteration: 4/5, loss_fake: -29.919389724731445, loss_real: 19.880966186523438
Generator iteration: 2/10000, g_loss: -32.16106414794922
g_loss: -32.16106414794922
  Discriminator iteration: 0/5, loss_fake: 2.8972558975219727, loss_real: 24.478403091430664
  Discriminator iteration: 1/5, loss_fake: -24.068119049072266, loss_real: 24.905780792236328
  Discriminator iteration: 2/5, loss_fake: -33.30104064941406, loss_real: 25.022401809692383
  Discriminator iteration: 3/5, loss_fake: -36.488670349121094, loss_real: 28.28369903564453
  Discriminator iteration: 4/5, loss_fake: -38.70062255859375, loss_real: 31.928300857543945
Generator iteration: 3/10000, g_loss: -40.68793869018555
g_loss: -40.68793869018555
  Discriminator iteration: 0/5, loss_fake: -22.68101692199707, loss_real: 35.520084381103516
  Discriminator iteration: 1/5, loss_fake: -38.716705322265625, loss_real: 35.960018157958984
  Discriminator iteration: 2/5, loss_fake: -42.80970001220703, loss_real: 37.27082824707031
  Discriminator iteration: 3/5, loss_fake: -44.93974304199219, loss_real: 39.60831069946289
  Discriminator iteration: 4/5, loss_fake: -46.91375732421875, loss_real: 42.249267578125
Generator iteration: 4/10000, g_loss: -48.672271728515625
g_loss: -48.672271728515625
  Discriminator iteration: 0/5, loss_fake: -37.306480407714844, loss_real: 44.435447692871094
  Discriminator iteration: 1/5, loss_fake: -47.24555969238281, loss_real: 45.15684127807617
  Discriminator iteration: 2/5, loss_fake: -50.4322509765625, loss_real: 46.59270477294922
  Discriminator iteration: 3/5, loss_fake: -52.442527770996094, loss_real: 48.50823974609375
  Discriminator iteration: 4/5, loss_fake: -54.160072326660156, loss_real: 50.63687515258789
Generator iteration: 5/10000, g_loss: -55.775306701660156
g_loss: -55.775306701660156
  Discriminator iteration: 0/5, loss_fake: -40.18564987182617, loss_real: 52.50726318359375
  Discriminator iteration: 1/5, loss_fake: -54.74773406982422, loss_real: 52.93010711669922
  Discriminator iteration: 2/5, loss_fake: -57.424110412597656, loss_real: 53.954063415527344
  Discriminator iteration: 3/5, loss_fake: -59.1204948425293, loss_real: 55.34291076660156
  Discriminator iteration: 4/5, loss_fake: -60.694923400878906, loss_real: 57.38503646850586
Generator iteration: 6/10000, g_loss: -62.20835876464844
g_loss: -62.20835876464844
  Discriminator iteration: 0/5, loss_fake: -56.499900817871094, loss_real: 59.23476791381836
  Discriminator iteration: 1/5, loss_fake: -60.91823959350586, loss_real: 60.712646484375
  Discriminator iteration: 2/5, loss_fake: -63.51520919799805, loss_real: 61.9705924987793
  Discriminator iteration: 3/5, loss_fake: -65.37393188476562, loss_real: 63.55399703979492
  Discriminator iteration: 4/5, loss_fake: -67.0112075805664, loss_real: 65.12271881103516
Generator iteration: 7/10000, g_loss: -68.52220916748047
g_loss: -68.52220916748047
  Discriminator iteration: 0/5, loss_fake: -60.16075134277344, loss_real: 66.59085845947266
  Discriminator iteration: 1/5, loss_fake: -68.27854919433594, loss_real: 67.41761016845703
  Discriminator iteration: 2/5, loss_fake: -70.3140869140625, loss_real: 68.4810562133789
  Discriminator iteration: 3/5, loss_fake: -71.98098754882812, loss_real: 69.87963104248047
  Discriminator iteration: 4/5, loss_fake: -73.542236328125, loss_real: 71.46369171142578
Generator iteration: 8/10000, g_loss: -75.00444030761719
g_loss: -75.00444030761719
  Discriminator iteration: 0/5, loss_fake: -71.66864013671875, loss_real: 72.91395568847656
  Discriminator iteration: 1/5, loss_fake: -74.50927734375, loss_real: 74.381103515625
  Discriminator iteration: 2/5, loss_fake: -76.36314392089844, loss_real: 75.61572265625
  Discriminator iteration: 3/5, loss_fake: -77.98291778564453, loss_real: 76.89582824707031
  Discriminator iteration: 4/5, loss_fake: -79.59300231933594, loss_real: 78.4493637084961
Generator iteration: 9/10000, g_loss: -80.94171142578125
g_loss: -80.94171142578125
  Discriminator iteration: 0/5, loss_fake: -67.42890167236328, loss_real: 79.79483032226562
  Discriminator iteration: 1/5, loss_fake: -80.10894775390625, loss_real: 79.97586822509766
  Discriminator iteration: 2/5, loss_fake: -82.00373840332031, loss_real: 80.49281311035156
  Discriminator iteration: 3/5, loss_fake: -83.5684814453125, loss_real: 82.24674224853516
  Discriminator iteration: 4/5, loss_fake: -85.20278930664062, loss_real: 84.05326080322266
Generator iteration: 10/10000, g_loss: -86.6902847290039
g_loss: -86.6902847290039
  Discriminator iteration: 0/5, loss_fake: -82.98506927490234, loss_real: 85.56322479248047
  Discriminator iteration: 1/5, loss_fake: -85.55076599121094, loss_real: 86.99571228027344
  Discriminator iteration: 2/5, loss_fake: -87.55338287353516, loss_real: 88.42330932617188
  Discriminator iteration: 3/5, loss_fake: -89.22378540039062, loss_real: 89.65587615966797
  Discriminator iteration: 4/5, loss_fake: -90.85395812988281, loss_real: 91.05860900878906
Generator iteration: 11/10000, g_loss: -92.26835632324219
g_loss: -92.26835632324219
  Discriminator iteration: 0/5, loss_fake: -84.01036071777344, loss_real: 92.33721923828125
  Discriminator iteration: 1/5, loss_fake: -91.62391662597656, loss_real: 93.14950561523438
  Discriminator iteration: 2/5, loss_fake: -93.71530151367188, loss_real: 94.38116455078125
  Discriminator iteration: 3/5, loss_fake: -95.46300506591797, loss_real: 95.64116668701172
  Discriminator iteration: 4/5, loss_fake: -97.02608489990234, loss_real: 97.05859375
Generator iteration: 12/10000, g_loss: -98.40863037109375
g_loss: -98.40863037109375
  Discriminator iteration: 0/5, loss_fake: -94.69325256347656, loss_real: 98.43487548828125
  Discriminator iteration: 1/5, loss_fake: -98.01400756835938, loss_real: 99.6055908203125
  Discriminator iteration: 2/5, loss_fake: -99.6878662109375, loss_real: 100.82179260253906
  Discriminator iteration: 3/5, loss_fake: -101.26483154296875, loss_real: 102.12843322753906
  Discriminator iteration: 4/5, loss_fake: -102.81898498535156, loss_real: 103.38658142089844
Generator iteration: 13/10000, g_loss: -104.19353485107422
g_loss: -104.19353485107422
  Discriminator iteration: 0/5, loss_fake: -96.28268432617188, loss_real: 104.78939819335938
  Discriminator iteration: 1/5, loss_fake: -103.86943054199219, loss_real: 105.23992919921875
  Discriminator iteration: 2/5, loss_fake: -105.32644653320312, loss_real: 106.26811218261719
  Discriminator iteration: 3/5, loss_fake: -107.1492691040039, loss_real: 107.90336608886719
  Discriminator iteration: 4/5, loss_fake: -108.71931457519531, loss_real: 109.16764831542969
Generator iteration: 14/10000, g_loss: -110.09341430664062
g_loss: -110.09341430664062
  Discriminator iteration: 0/5, loss_fake: -106.47453308105469, loss_real: 110.58465576171875
  Discriminator iteration: 1/5, loss_fake: -109.8335952758789, loss_real: 111.83712768554688
  Discriminator iteration: 2/5, loss_fake: -111.49772644042969, loss_real: 112.97651672363281
  Discriminator iteration: 3/5, loss_fake: -113.0097885131836, loss_real: 114.33099365234375
  Discriminator iteration: 4/5, loss_fake: -114.45988464355469, loss_real: 115.56681823730469
Generator iteration: 15/10000, g_loss: -115.85798645019531
g_loss: -115.85798645019531
  Discriminator iteration: 0/5, loss_fake: -109.468994140625, loss_real: 116.82725524902344
  Discriminator iteration: 1/5, loss_fake: -115.55020141601562, loss_real: 117.6844253540039
  Discriminator iteration: 2/5, loss_fake: -116.9553451538086, loss_real: 118.78184509277344
  Discriminator iteration: 3/5, loss_fake: -118.76390075683594, loss_real: 120.12751007080078
  Discriminator iteration: 4/5, loss_fake: -120.35310363769531, loss_real: 121.50606536865234
Generator iteration: 16/10000, g_loss: -121.66392517089844
g_loss: -121.66392517089844
  Discriminator iteration: 0/5, loss_fake: -116.47802734375, loss_real: 122.80563354492188
  Discriminator iteration: 1/5, loss_fake: -121.72346496582031, loss_real: 123.88937377929688
  Discriminator iteration: 2/5, loss_fake: -123.0882568359375, loss_real: 124.95939636230469
  Discriminator iteration: 3/5, loss_fake: -124.66517639160156, loss_real: 126.30353546142578
  Discriminator iteration: 4/5, loss_fake: -126.18634033203125, loss_real: 127.5992431640625
Generator iteration: 17/10000, g_loss: -127.57015228271484
g_loss: -127.57015228271484
  Discriminator iteration: 0/5, loss_fake: -124.00997161865234, loss_real: 128.826904296875
  Discriminator iteration: 1/5, loss_fake: -127.63850402832031, loss_real: 129.87648010253906
  Discriminator iteration: 2/5, loss_fake: -129.06549072265625, loss_real: 131.10418701171875
  Discriminator iteration: 3/5, loss_fake: -130.66494750976562, loss_real: 132.38577270507812
  Discriminator iteration: 4/5, loss_fake: -132.09825134277344, loss_real: 133.6205291748047
Generator iteration: 18/10000, g_loss: -133.41268920898438
g_loss: -133.41268920898438
  Discriminator iteration: 0/5, loss_fake: -128.74176025390625, loss_real: 134.90673828125
  Discriminator iteration: 1/5, loss_fake: -133.3445281982422, loss_real: 135.73077392578125
  Discriminator iteration: 2/5, loss_fake: -134.70846557617188, loss_real: 136.91065979003906
  Discriminator iteration: 3/5, loss_fake: -136.51651000976562, loss_real: 138.30767822265625
  Discriminator iteration: 4/5, loss_fake: -137.98036193847656, loss_real: 139.65151977539062
Generator iteration: 19/10000, g_loss: -139.24404907226562
g_loss: -139.24404907226562
  Discriminator iteration: 0/5, loss_fake: -134.32875061035156, loss_real: 140.90155029296875
  Discriminator iteration: 1/5, loss_fake: -139.37374877929688, loss_real: 141.572998046875
  Discriminator iteration: 2/5, loss_fake: -140.62051391601562, loss_real: 142.791015625
  Discriminator iteration: 3/5, loss_fake: -142.3849639892578, loss_real: 144.2149658203125
  Discriminator iteration: 4/5, loss_fake: -143.86041259765625, loss_real: 145.49093627929688
Generator iteration: 20/10000, g_loss: -145.14564514160156
g_loss: -145.14564514160156
  Discriminator iteration: 0/5, loss_fake: -140.228271484375, loss_real: 146.83270263671875
  Discriminator iteration: 1/5, loss_fake: -145.29286193847656, loss_real: 147.5294647216797
  Discriminator iteration: 2/5, loss_fake: -146.54969787597656, loss_real: 148.85235595703125
  Discriminator iteration: 3/5, loss_fake: -148.22738647460938, loss_real: 150.20413208007812
  Discriminator iteration: 4/5, loss_fake: -149.65255737304688, loss_real: 151.4474334716797
Generator iteration: 21/10000, g_loss: -150.95254516601562
g_loss: -150.95254516601562
  Discriminator iteration: 0/5, loss_fake: -145.63653564453125, loss_real: 152.83396911621094
  Discriminator iteration: 1/5, loss_fake: -151.01174926757812, loss_real: 153.36358642578125
  Discriminator iteration: 2/5, loss_fake: -152.22000122070312, loss_real: 154.6664581298828
  Discriminator iteration: 3/5, loss_fake: -154.0468292236328, loss_real: 156.136962890625
  Discriminator iteration: 4/5, loss_fake: -155.49276733398438, loss_real: 157.34869384765625
Generator iteration: 22/10000, g_loss: -156.80345153808594
g_loss: -156.80345153808594
  Discriminator iteration: 0/5, loss_fake: -154.3155517578125, loss_real: 158.69207763671875
  Discriminator iteration: 1/5, loss_fake: -157.08563232421875, loss_real: 159.73300170898438
  Discriminator iteration: 2/5, loss_fake: -158.51031494140625, loss_real: 160.92965698242188
  Discriminator iteration: 3/5, loss_fake: -159.97447204589844, loss_real: 162.1952362060547
  Discriminator iteration: 4/5, loss_fake: -161.3378448486328, loss_real: 163.4959716796875
Generator iteration: 23/10000, g_loss: -162.58839416503906
g_loss: -162.58839416503906
  Discriminator iteration: 0/5, loss_fake: -159.8781280517578, loss_real: 164.71987915039062
  Discriminator iteration: 1/5, loss_fake: -162.7901153564453, loss_real: 165.68588256835938
  Discriminator iteration: 2/5, loss_fake: -164.2307586669922, loss_real: 166.89869689941406
  Discriminator iteration: 3/5, loss_fake: -165.80224609375, loss_real: 168.16009521484375
  Discriminator iteration: 4/5, loss_fake: -167.14938354492188, loss_real: 169.3707733154297
Generator iteration: 24/10000, g_loss: -168.45895385742188
g_loss: -168.45895385742188
  Discriminator iteration: 0/5, loss_fake: -166.25375366210938, loss_real: 170.57968139648438
  Discriminator iteration: 1/5, loss_fake: -168.667236328125, loss_real: 171.716796875
  Discriminator iteration: 2/5, loss_fake: -170.1365966796875, loss_real: 172.89060974121094
  Discriminator iteration: 3/5, loss_fake: -171.6514129638672, loss_real: 174.0914306640625
  Discriminator iteration: 4/5, loss_fake: -173.00003051757812, loss_real: 175.3173828125
Generator iteration: 25/10000, g_loss: -174.29702758789062
g_loss: -174.29702758789062
  Discriminator iteration: 0/5, loss_fake: -172.3534698486328, loss_real: 176.54544067382812
  Discriminator iteration: 1/5, loss_fake: -174.44332885742188, loss_real: 177.62603759765625
  Discriminator iteration: 2/5, loss_fake: -176.05307006835938, loss_real: 178.8096160888672
  Discriminator iteration: 3/5, loss_fake: -177.45864868164062, loss_real: 180.00848388671875
  Discriminator iteration: 4/5, loss_fake: -178.81546020507812, loss_real: 181.2760009765625
Generator iteration: 26/10000, g_loss: -180.15841674804688
g_loss: -180.15841674804688
  Discriminator iteration: 0/5, loss_fake: -178.57473754882812, loss_real: 182.44049072265625
  Discriminator iteration: 1/5, loss_fake: -180.4517364501953, loss_real: 183.60452270507812
  Discriminator iteration: 2/5, loss_fake: -181.98001098632812, loss_real: 184.76690673828125
  Discriminator iteration: 3/5, loss_fake: -183.43814086914062, loss_real: 185.93362426757812
  Discriminator iteration: 4/5, loss_fake: -184.74212646484375, loss_real: 187.17880249023438
Generator iteration: 27/10000, g_loss: -186.06781005859375
g_loss: -186.06781005859375
  Discriminator iteration: 0/5, loss_fake: -184.75901794433594, loss_real: 188.36009216308594
  Discriminator iteration: 1/5, loss_fake: -186.43685913085938, loss_real: 189.52191162109375
  Discriminator iteration: 2/5, loss_fake: -187.9075469970703, loss_real: 190.68736267089844
  Discriminator iteration: 3/5, loss_fake: -189.32215881347656, loss_real: 191.86328125
  Discriminator iteration: 4/5, loss_fake: -190.64791870117188, loss_real: 193.07382202148438
Generator iteration: 28/10000, g_loss: -191.96119689941406
g_loss: -191.96119689941406
  Discriminator iteration: 0/5, loss_fake: -190.71412658691406, loss_real: 194.25326538085938
  Discriminator iteration: 1/5, loss_fake: -192.39353942871094, loss_real: 195.40394592285156
  Discriminator iteration: 2/5, loss_fake: -193.79315185546875, loss_real: 196.60848999023438
  Discriminator iteration: 3/5, loss_fake: -195.19363403320312, loss_real: 197.7153778076172
  Discriminator iteration: 4/5, loss_fake: -196.48623657226562, loss_real: 198.9802703857422
Generator iteration: 29/10000, g_loss: -197.76766967773438
g_loss: -197.76766967773438
  Discriminator iteration: 0/5, loss_fake: -196.29478454589844, loss_real: 200.14244079589844
  Discriminator iteration: 1/5, loss_fake: -197.99600219726562, loss_real: 201.25970458984375
  Discriminator iteration: 2/5, loss_fake: -199.58682250976562, loss_real: 202.4364471435547
  Discriminator iteration: 3/5, loss_fake: -200.98956298828125, loss_real: 203.57937622070312
  Discriminator iteration: 4/5, loss_fake: -202.32945251464844, loss_real: 204.7474365234375
Generator iteration: 30/10000, g_loss: -203.63800048828125
g_loss: -203.63800048828125
