2022-05-23 01:07:21.963074: I tensorflow/stream_executor/platform/default/dso_loader.cc:53] Successfully opened dynamic library libcudart.so.11.0
2022-05-23 01:07:29.777894: I tensorflow/stream_executor/platform/default/dso_loader.cc:53] Successfully opened dynamic library libcuda.so.1
2022-05-23 01:07:29.778509: I tensorflow/core/common_runtime/gpu/gpu_device.cc:1733] Found device 0 with properties: 
pciBusID: 0000:b1:00.0 name: NVIDIA GeForce RTX 2080 Ti computeCapability: 7.5
coreClock: 1.545GHz coreCount: 68 deviceMemorySize: 10.76GiB deviceMemoryBandwidth: 573.69GiB/s
2022-05-23 01:07:29.778989: I tensorflow/core/common_runtime/gpu/gpu_device.cc:1733] Found device 1 with properties: 
pciBusID: 0000:d9:00.0 name: NVIDIA GeForce RTX 2080 Ti computeCapability: 7.5
coreClock: 1.545GHz coreCount: 68 deviceMemorySize: 10.76GiB deviceMemoryBandwidth: 573.69GiB/s
2022-05-23 01:07:29.779017: I tensorflow/stream_executor/platform/default/dso_loader.cc:53] Successfully opened dynamic library libcudart.so.11.0
2022-05-23 01:07:29.782645: I tensorflow/stream_executor/platform/default/dso_loader.cc:53] Successfully opened dynamic library libcublas.so.11
2022-05-23 01:07:29.782721: I tensorflow/stream_executor/platform/default/dso_loader.cc:53] Successfully opened dynamic library libcublasLt.so.11
2022-05-23 01:07:29.784153: I tensorflow/stream_executor/platform/default/dso_loader.cc:53] Successfully opened dynamic library libcufft.so.10
2022-05-23 01:07:29.784453: I tensorflow/stream_executor/platform/default/dso_loader.cc:53] Successfully opened dynamic library libcurand.so.10
2022-05-23 01:07:29.784912: I tensorflow/stream_executor/platform/default/dso_loader.cc:53] Successfully opened dynamic library libcusolver.so.11
2022-05-23 01:07:29.785625: I tensorflow/stream_executor/platform/default/dso_loader.cc:53] Successfully opened dynamic library libcusparse.so.11
2022-05-23 01:07:29.785778: I tensorflow/stream_executor/platform/default/dso_loader.cc:53] Successfully opened dynamic library libcudnn.so.8
2022-05-23 01:07:29.787508: I tensorflow/core/common_runtime/gpu/gpu_device.cc:1871] Adding visible gpu devices: 0, 1
2022-05-23 01:07:29.787865: I tensorflow/core/platform/cpu_feature_guard.cc:142] This TensorFlow binary is optimized with oneAPI Deep Neural Network Library (oneDNN) to use the following CPU instructions in performance-critical operations:  AVX2 AVX512F FMA
To enable them in other operations, rebuild TensorFlow with the appropriate compiler flags.
2022-05-23 01:07:29.878280: I tensorflow/core/common_runtime/gpu/gpu_device.cc:1733] Found device 0 with properties: 
pciBusID: 0000:b1:00.0 name: NVIDIA GeForce RTX 2080 Ti computeCapability: 7.5
coreClock: 1.545GHz coreCount: 68 deviceMemorySize: 10.76GiB deviceMemoryBandwidth: 573.69GiB/s
2022-05-23 01:07:29.878778: I tensorflow/core/common_runtime/gpu/gpu_device.cc:1733] Found device 1 with properties: 
pciBusID: 0000:d9:00.0 name: NVIDIA GeForce RTX 2080 Ti computeCapability: 7.5
coreClock: 1.545GHz coreCount: 68 deviceMemorySize: 10.76GiB deviceMemoryBandwidth: 573.69GiB/s
2022-05-23 01:07:29.880385: I tensorflow/core/common_runtime/gpu/gpu_device.cc:1871] Adding visible gpu devices: 0, 1
2022-05-23 01:07:29.880438: I tensorflow/stream_executor/platform/default/dso_loader.cc:53] Successfully opened dynamic library libcudart.so.11.0
2022-05-23 01:07:30.696049: I tensorflow/core/common_runtime/gpu/gpu_device.cc:1258] Device interconnect StreamExecutor with strength 1 edge matrix:
2022-05-23 01:07:30.696083: I tensorflow/core/common_runtime/gpu/gpu_device.cc:1264]      0 1 
2022-05-23 01:07:30.696089: I tensorflow/core/common_runtime/gpu/gpu_device.cc:1277] 0:   N N 
2022-05-23 01:07:30.696093: I tensorflow/core/common_runtime/gpu/gpu_device.cc:1277] 1:   N N 
2022-05-23 01:07:30.698422: I tensorflow/core/common_runtime/gpu/gpu_device.cc:1418] Created TensorFlow device (/job:localhost/replica:0/task:0/device:GPU:0 with 8607 MB memory) -> physical GPU (device: 0, name: NVIDIA GeForce RTX 2080 Ti, pci bus id: 0000:b1:00.0, compute capability: 7.5)
2022-05-23 01:07:30.699322: I tensorflow/core/common_runtime/gpu/gpu_device.cc:1418] Created TensorFlow device (/job:localhost/replica:0/task:0/device:GPU:1 with 9661 MB memory) -> physical GPU (device: 1, name: NVIDIA GeForce RTX 2080 Ti, pci bus id: 0000:d9:00.0, compute capability: 7.5)
2022-05-23 01:07:35.287090: I tensorflow/stream_executor/cuda/cuda_driver.cc:789] failed to allocate 8.41G (9025552384 bytes) from device: CUDA_ERROR_OUT_OF_MEMORY: out of memory
2022-05-23 01:07:35.287747: I tensorflow/stream_executor/cuda/cuda_driver.cc:789] failed to allocate 7.56G (8122996736 bytes) from device: CUDA_ERROR_OUT_OF_MEMORY: out of memory
2022-05-23 01:07:35.288370: I tensorflow/stream_executor/cuda/cuda_driver.cc:789] failed to allocate 6.81G (7310696960 bytes) from device: CUDA_ERROR_OUT_OF_MEMORY: out of memory
2022-05-23 01:07:35.288991: I tensorflow/stream_executor/cuda/cuda_driver.cc:789] failed to allocate 6.13G (6579627008 bytes) from device: CUDA_ERROR_OUT_OF_MEMORY: out of memory
2022-05-23 01:07:35.289611: I tensorflow/stream_executor/cuda/cuda_driver.cc:789] failed to allocate 5.51G (5921664000 bytes) from device: CUDA_ERROR_OUT_OF_MEMORY: out of memory
2022-05-23 01:07:35.290270: I tensorflow/stream_executor/cuda/cuda_driver.cc:789] failed to allocate 4.96G (5329497600 bytes) from device: CUDA_ERROR_OUT_OF_MEMORY: out of memory
2022-05-23 01:07:35.290896: I tensorflow/stream_executor/cuda/cuda_driver.cc:789] failed to allocate 4.47G (4796547584 bytes) from device: CUDA_ERROR_OUT_OF_MEMORY: out of memory
2022-05-23 01:07:35.291517: I tensorflow/stream_executor/cuda/cuda_driver.cc:789] failed to allocate 4.02G (4316892672 bytes) from device: CUDA_ERROR_OUT_OF_MEMORY: out of memory
2022-05-23 01:07:35.292140: I tensorflow/stream_executor/cuda/cuda_driver.cc:789] failed to allocate 3.62G (3885203200 bytes) from device: CUDA_ERROR_OUT_OF_MEMORY: out of memory
2022-05-23 01:07:35.292804: I tensorflow/stream_executor/cuda/cuda_driver.cc:789] failed to allocate 3.26G (3496682752 bytes) from device: CUDA_ERROR_OUT_OF_MEMORY: out of memory
2022-05-23 01:07:35.293423: I tensorflow/stream_executor/cuda/cuda_driver.cc:789] failed to allocate 2.93G (3147014400 bytes) from device: CUDA_ERROR_OUT_OF_MEMORY: out of memory
2022-05-23 01:07:35.294051: I tensorflow/stream_executor/cuda/cuda_driver.cc:789] failed to allocate 2.64G (2832312832 bytes) from device: CUDA_ERROR_OUT_OF_MEMORY: out of memory
2022-05-23 01:07:35.294756: I tensorflow/stream_executor/cuda/cuda_driver.cc:789] failed to allocate 2.37G (2549081600 bytes) from device: CUDA_ERROR_OUT_OF_MEMORY: out of memory
2022-05-23 01:07:35.295382: I tensorflow/stream_executor/cuda/cuda_driver.cc:789] failed to allocate 2.14G (2294173440 bytes) from device: CUDA_ERROR_OUT_OF_MEMORY: out of memory
2022-05-23 01:07:35.296053: I tensorflow/stream_executor/cuda/cuda_driver.cc:789] failed to allocate 1.92G (2064756224 bytes) from device: CUDA_ERROR_OUT_OF_MEMORY: out of memory
