2022-05-23 01:03:34.046055: I tensorflow/stream_executor/platform/default/dso_loader.cc:53] Successfully opened dynamic library libcudart.so.11.0
2022-05-23 01:03:41.794152: I tensorflow/stream_executor/platform/default/dso_loader.cc:53] Successfully opened dynamic library libcuda.so.1
2022-05-23 01:03:41.794815: I tensorflow/core/common_runtime/gpu/gpu_device.cc:1733] Found device 0 with properties: 
pciBusID: 0000:5e:00.0 name: NVIDIA GeForce RTX 2080 Ti computeCapability: 7.5
coreClock: 1.545GHz coreCount: 68 deviceMemorySize: 10.76GiB deviceMemoryBandwidth: 573.69GiB/s
2022-05-23 01:03:41.795342: I tensorflow/core/common_runtime/gpu/gpu_device.cc:1733] Found device 1 with properties: 
pciBusID: 0000:b1:00.0 name: NVIDIA GeForce RTX 2080 Ti computeCapability: 7.5
coreClock: 1.545GHz coreCount: 68 deviceMemorySize: 10.76GiB deviceMemoryBandwidth: 573.69GiB/s
2022-05-23 01:03:41.795847: I tensorflow/core/common_runtime/gpu/gpu_device.cc:1733] Found device 2 with properties: 
pciBusID: 0000:d9:00.0 name: NVIDIA GeForce RTX 2080 Ti computeCapability: 7.5
coreClock: 1.545GHz coreCount: 68 deviceMemorySize: 10.76GiB deviceMemoryBandwidth: 573.69GiB/s
2022-05-23 01:03:41.795874: I tensorflow/stream_executor/platform/default/dso_loader.cc:53] Successfully opened dynamic library libcudart.so.11.0
2022-05-23 01:03:41.799478: I tensorflow/stream_executor/platform/default/dso_loader.cc:53] Successfully opened dynamic library libcublas.so.11
2022-05-23 01:03:41.799534: I tensorflow/stream_executor/platform/default/dso_loader.cc:53] Successfully opened dynamic library libcublasLt.so.11
2022-05-23 01:03:41.800957: I tensorflow/stream_executor/platform/default/dso_loader.cc:53] Successfully opened dynamic library libcufft.so.10
2022-05-23 01:03:41.801224: I tensorflow/stream_executor/platform/default/dso_loader.cc:53] Successfully opened dynamic library libcurand.so.10
2022-05-23 01:03:41.801684: I tensorflow/stream_executor/platform/default/dso_loader.cc:53] Successfully opened dynamic library libcusolver.so.11
2022-05-23 01:03:41.802379: I tensorflow/stream_executor/platform/default/dso_loader.cc:53] Successfully opened dynamic library libcusparse.so.11
2022-05-23 01:03:41.802515: I tensorflow/stream_executor/platform/default/dso_loader.cc:53] Successfully opened dynamic library libcudnn.so.8
2022-05-23 01:03:41.805397: I tensorflow/core/common_runtime/gpu/gpu_device.cc:1871] Adding visible gpu devices: 0, 1, 2
2022-05-23 01:03:41.805782: I tensorflow/core/platform/cpu_feature_guard.cc:142] This TensorFlow binary is optimized with oneAPI Deep Neural Network Library (oneDNN) to use the following CPU instructions in performance-critical operations:  AVX2 AVX512F FMA
To enable them in other operations, rebuild TensorFlow with the appropriate compiler flags.
2022-05-23 01:03:41.969271: I tensorflow/core/common_runtime/gpu/gpu_device.cc:1733] Found device 0 with properties: 
pciBusID: 0000:5e:00.0 name: NVIDIA GeForce RTX 2080 Ti computeCapability: 7.5
coreClock: 1.545GHz coreCount: 68 deviceMemorySize: 10.76GiB deviceMemoryBandwidth: 573.69GiB/s
2022-05-23 01:03:41.969811: I tensorflow/core/common_runtime/gpu/gpu_device.cc:1733] Found device 1 with properties: 
pciBusID: 0000:b1:00.0 name: NVIDIA GeForce RTX 2080 Ti computeCapability: 7.5
coreClock: 1.545GHz coreCount: 68 deviceMemorySize: 10.76GiB deviceMemoryBandwidth: 573.69GiB/s
2022-05-23 01:03:41.970305: I tensorflow/core/common_runtime/gpu/gpu_device.cc:1733] Found device 2 with properties: 
pciBusID: 0000:d9:00.0 name: NVIDIA GeForce RTX 2080 Ti computeCapability: 7.5
coreClock: 1.545GHz coreCount: 68 deviceMemorySize: 10.76GiB deviceMemoryBandwidth: 573.69GiB/s
2022-05-23 01:03:41.973216: I tensorflow/core/common_runtime/gpu/gpu_device.cc:1871] Adding visible gpu devices: 0, 1, 2
2022-05-23 01:03:41.973278: I tensorflow/stream_executor/platform/default/dso_loader.cc:53] Successfully opened dynamic library libcudart.so.11.0
2022-05-23 01:03:43.209217: I tensorflow/core/common_runtime/gpu/gpu_device.cc:1258] Device interconnect StreamExecutor with strength 1 edge matrix:
2022-05-23 01:03:43.209251: I tensorflow/core/common_runtime/gpu/gpu_device.cc:1264]      0 1 2 
2022-05-23 01:03:43.209268: I tensorflow/core/common_runtime/gpu/gpu_device.cc:1277] 0:   N N N 
2022-05-23 01:03:43.209272: I tensorflow/core/common_runtime/gpu/gpu_device.cc:1277] 1:   N N N 
2022-05-23 01:03:43.209275: I tensorflow/core/common_runtime/gpu/gpu_device.cc:1277] 2:   N N N 
2022-05-23 01:03:43.212873: I tensorflow/core/common_runtime/gpu/gpu_device.cc:1418] Created TensorFlow device (/job:localhost/replica:0/task:0/device:GPU:0 with 8607 MB memory) -> physical GPU (device: 0, name: NVIDIA GeForce RTX 2080 Ti, pci bus id: 0000:5e:00.0, compute capability: 7.5)
2022-05-23 01:03:43.213935: I tensorflow/core/common_runtime/gpu/gpu_device.cc:1418] Created TensorFlow device (/job:localhost/replica:0/task:0/device:GPU:1 with 9661 MB memory) -> physical GPU (device: 1, name: NVIDIA GeForce RTX 2080 Ti, pci bus id: 0000:b1:00.0, compute capability: 7.5)
2022-05-23 01:03:43.214831: I tensorflow/core/common_runtime/gpu/gpu_device.cc:1418] Created TensorFlow device (/job:localhost/replica:0/task:0/device:GPU:2 with 9661 MB memory) -> physical GPU (device: 2, name: NVIDIA GeForce RTX 2080 Ti, pci bus id: 0000:d9:00.0, compute capability: 7.5)
2022-05-23 01:03:47.841341: I tensorflow/stream_executor/cuda/cuda_driver.cc:789] failed to allocate 8.41G (9025552384 bytes) from device: CUDA_ERROR_OUT_OF_MEMORY: out of memory
2022-05-23 01:03:47.842316: I tensorflow/stream_executor/cuda/cuda_driver.cc:789] failed to allocate 7.56G (8122996736 bytes) from device: CUDA_ERROR_OUT_OF_MEMORY: out of memory
2022-05-23 01:03:47.843056: I tensorflow/stream_executor/cuda/cuda_driver.cc:789] failed to allocate 6.81G (7310696960 bytes) from device: CUDA_ERROR_OUT_OF_MEMORY: out of memory
2022-05-23 01:03:47.843640: I tensorflow/stream_executor/cuda/cuda_driver.cc:789] failed to allocate 6.13G (6579627008 bytes) from device: CUDA_ERROR_OUT_OF_MEMORY: out of memory
2022-05-23 01:03:47.844222: I tensorflow/stream_executor/cuda/cuda_driver.cc:789] failed to allocate 5.51G (5921664000 bytes) from device: CUDA_ERROR_OUT_OF_MEMORY: out of memory
2022-05-23 01:03:47.844838: I tensorflow/stream_executor/cuda/cuda_driver.cc:789] failed to allocate 4.96G (5329497600 bytes) from device: CUDA_ERROR_OUT_OF_MEMORY: out of memory
2022-05-23 01:03:47.845420: I tensorflow/stream_executor/cuda/cuda_driver.cc:789] failed to allocate 4.47G (4796547584 bytes) from device: CUDA_ERROR_OUT_OF_MEMORY: out of memory
2022-05-23 01:03:47.846002: I tensorflow/stream_executor/cuda/cuda_driver.cc:789] failed to allocate 4.02G (4316892672 bytes) from device: CUDA_ERROR_OUT_OF_MEMORY: out of memory
2022-05-23 01:03:47.846590: I tensorflow/stream_executor/cuda/cuda_driver.cc:789] failed to allocate 3.62G (3885203200 bytes) from device: CUDA_ERROR_OUT_OF_MEMORY: out of memory
2022-05-23 01:03:47.847214: I tensorflow/stream_executor/cuda/cuda_driver.cc:789] failed to allocate 3.26G (3496682752 bytes) from device: CUDA_ERROR_OUT_OF_MEMORY: out of memory
2022-05-23 01:03:47.847792: I tensorflow/stream_executor/cuda/cuda_driver.cc:789] failed to allocate 2.93G (3147014400 bytes) from device: CUDA_ERROR_OUT_OF_MEMORY: out of memory
2022-05-23 01:03:47.848381: I tensorflow/stream_executor/cuda/cuda_driver.cc:789] failed to allocate 2.64G (2832312832 bytes) from device: CUDA_ERROR_OUT_OF_MEMORY: out of memory
2022-05-23 01:03:47.849015: I tensorflow/stream_executor/cuda/cuda_driver.cc:789] failed to allocate 2.37G (2549081600 bytes) from device: CUDA_ERROR_OUT_OF_MEMORY: out of memory
2022-05-23 01:03:47.849597: I tensorflow/stream_executor/cuda/cuda_driver.cc:789] failed to allocate 2.14G (2294173440 bytes) from device: CUDA_ERROR_OUT_OF_MEMORY: out of memory
2022-05-23 01:03:47.850225: I tensorflow/stream_executor/cuda/cuda_driver.cc:789] failed to allocate 1.92G (2064756224 bytes) from device: CUDA_ERROR_OUT_OF_MEMORY: out of memory
Traceback (most recent call last):
  File "main_savemrc_128.py", line 42, in <module>
    main(args)
  File "main_savemrc_128.py", line 30, in main
    model.train(train_loader)
  File "/cdata/NT2C/noise_synthesizer/pytorch-wgan-master/models/wgan_gradient_penalty_savemrc_128.py", line 239, in train
    print(f'  Discriminator iteration: {d_iter}/{self.critic_iter}, loss_fake: {d_loss_fake}, loss_real: {d_loss_real}')
  File "/usr/local/lib/python3.7/dist-packages/torch/tensor.py", line 544, in __format__
    return self.item().__format__(format_spec)
KeyboardInterrupt
